# JRE version: Java(TM) SE Runtime Environment (21.0.9+7) (build 21.0.9+7-LTS-338)
# Java VM: Java HotSpot(TM) 64-Bit Server VM (21.0.9+7-LTS-338, mixed mode, sharing, tiered, compressed oops, compressed class ptrs, g1 gc, windows-amd64)
GC Precious Log:
 CardTable entry size: 512
 Card Set container configuration: InlinePtr #cards 5 size 8 Array Of Cards #cards 12 size 40 Howl #buckets 4 coarsen threshold 1843 Howl Bitmap #cards 512 size 80 coarsen threshold 460 Card regions per heap region 1 cards per card region 2048
 CPUs: 16 total, 16 available
 Memory: 32681M
 Large Page Support: Disabled
 NUMA Support: Disabled
 Compressed Oops: Enabled (32-bit)
 Heap Region Size: 1M
 Heap Min Capacity: 8M
 Heap Initial Capacity: 512M
 Heap Max Capacity: 1G
 Pre-touch: Disabled
 Parallel Workers: 13
 Concurrent Workers: 3
 Concurrent Refinement Workers: 13
 Periodic GC: Disabled
Heap:
 garbage-first heap   total 116736K, used 95909K [0x00000000c0000000, 0x0000000100000000)
  region size 1024K, 32 young (32768K), 4 survivors (4096K)
 Metaspace       used 71096K, committed 73728K, reserved 1114112K
  class space    used 10246K, committed 11520K, reserved 1048576K
GC Heap History (20 events):
Event: 8.700 GC heap before
{Heap before GC invocations=10 (full 0):
 garbage-first heap   total 86016K, used 75025K [0x00000000c0000000, 0x0000000100000000)
  region size 1024K, 43 young (44032K), 6 survivors (6144K)
 Metaspace       used 48960K, committed 50880K, reserved 1114112K
  class space    used 6917K, committed 7808K, reserved 1048576K
}
Event: 8.705 GC heap after
{Heap after GC invocations=11 (full 0):
 garbage-first heap   total 87040K, used 42352K [0x00000000c0000000, 0x0000000100000000)
  region size 1024K, 4 young (4096K), 4 survivors (4096K)
 Metaspace       used 48960K, committed 50880K, reserved 1114112K
  class space    used 6917K, committed 7808K, reserved 1048576K
}
Event: 9.191 GC heap before
{Heap before GC invocations=11 (full 0):
 garbage-first heap   total 87040K, used 77168K [0x00000000c0000000, 0x0000000100000000)
  region size 1024K, 38 young (38912K), 4 survivors (4096K)
 Metaspace       used 51908K, committed 54016K, reserved 1114112K
  class space    used 7378K, committed 8384K, reserved 1048576K
}
Event: 9.195 GC heap after
{Heap after GC invocations=12 (full 0):
 garbage-first heap   total 87040K, used 45363K [0x00000000c0000000, 0x0000000100000000)
  region size 1024K, 4 young (4096K), 4 survivors (4096K)
 Metaspace       used 51908K, committed 54016K, reserved 1114112K
  class space    used 7378K, committed 8384K, reserved 1048576K
}
Event: 9.650 GC heap before
{Heap before GC invocations=12 (full 0):
 garbage-first heap   total 87040K, used 76083K [0x00000000c0000000, 0x0000000100000000)
  region size 1024K, 34 young (34816K), 4 survivors (4096K)
 Metaspace       used 55034K, committed 57216K, reserved 1114112K
  class space    used 7891K, committed 8960K, reserved 1048576K
}
Event: 9.653 GC heap after
{Heap after GC invocations=13 (full 0):
 garbage-first heap   total 87040K, used 47384K [0x00000000c0000000, 0x0000000100000000)
  region size 1024K, 2 young (2048K), 2 survivors (2048K)
 Metaspace       used 55034K, committed 57216K, reserved 1114112K
  class space    used 7891K, committed 8960K, reserved 1048576K
}
Event: 10.135 GC heap before
{Heap before GC invocations=14 (full 0):
 garbage-first heap   total 87040K, used 79128K [0x00000000c0000000, 0x0000000100000000)
  region size 1024K, 33 young (33792K), 2 survivors (2048K)
 Metaspace       used 57856K, committed 60160K, reserved 1114112K
  class space    used 8406K, committed 9536K, reserved 1048576K
}
Event: 10.138 GC heap after
{Heap after GC invocations=15 (full 0):
 garbage-first heap   total 87040K, used 49177K [0x00000000c0000000, 0x0000000100000000)
  region size 1024K, 4 young (4096K), 4 survivors (4096K)
 Metaspace       used 57856K, committed 60160K, reserved 1114112K
  class space    used 8406K, committed 9536K, reserved 1048576K
}
Event: 10.428 GC heap before
{Heap before GC invocations=15 (full 0):
 garbage-first heap   total 87040K, used 77849K [0x00000000c0000000, 0x0000000100000000)
  region size 1024K, 31 young (31744K), 4 survivors (4096K)
 Metaspace       used 59875K, committed 62336K, reserved 1114112K
  class space    used 8655K, committed 9856K, reserved 1048576K
}
Event: 10.432 GC heap after
{Heap after GC invocations=16 (full 0):
 garbage-first heap   total 87040K, used 51096K [0x00000000c0000000, 0x0000000100000000)
  region size 1024K, 4 young (4096K), 4 survivors (4096K)
 Metaspace       used 59875K, committed 62336K, reserved 1114112K
  class space    used 8655K, committed 9856K, reserved 1048576K
}
Event: 10.755 GC heap before
{Heap before GC invocations=16 (full 0):
 garbage-first heap   total 87040K, used 77720K [0x00000000c0000000, 0x0000000100000000)
  region size 1024K, 30 young (30720K), 4 survivors (4096K)
 Metaspace       used 62053K, committed 64448K, reserved 1114112K
  class space    used 8939K, committed 10112K, reserved 1048576K
}
Event: 10.760 GC heap after
{Heap after GC invocations=17 (full 0):
 garbage-first heap   total 87040K, used 54818K [0x00000000c0000000, 0x0000000100000000)
  region size 1024K, 4 young (4096K), 4 survivors (4096K)
 Metaspace       used 62053K, committed 64448K, reserved 1114112K
  class space    used 8939K, committed 10112K, reserved 1048576K
}
Event: 10.887 GC heap before
{Heap before GC invocations=18 (full 0):
 garbage-first heap   total 112640K, used 75298K [0x00000000c0000000, 0x0000000100000000)
  region size 1024K, 24 young (24576K), 4 survivors (4096K)
 Metaspace       used 62129K, committed 64576K, reserved 1114112K
  class space    used 8946K, committed 10112K, reserved 1048576K
}
Event: 10.890 GC heap after
{Heap after GC invocations=19 (full 0):
 garbage-first heap   total 112640K, used 56280K [0x00000000c0000000, 0x0000000100000000)
  region size 1024K, 3 young (3072K), 3 survivors (3072K)
 Metaspace       used 62129K, committed 64576K, reserved 1114112K
  class space    used 8946K, committed 10112K, reserved 1048576K
}
Event: 11.412 GC heap before
{Heap before GC invocations=19 (full 0):
 garbage-first heap   total 112640K, used 99288K [0x00000000c0000000, 0x0000000100000000)
  region size 1024K, 45 young (46080K), 3 survivors (3072K)
 Metaspace       used 63787K, committed 66304K, reserved 1114112K
  class space    used 9217K, committed 10432K, reserved 1048576K
}
Event: 11.416 GC heap after
{Heap after GC invocations=20 (full 0):
 garbage-first heap   total 112640K, used 61649K [0x00000000c0000000, 0x0000000100000000)
  region size 1024K, 6 young (6144K), 6 survivors (6144K)
 Metaspace       used 63787K, committed 66304K, reserved 1114112K
  class space    used 9217K, committed 10432K, reserved 1048576K
}
Event: 12.169 GC heap before
{Heap before GC invocations=20 (full 0):
 garbage-first heap   total 112640K, used 98513K [0x00000000c0000000, 0x0000000100000000)
  region size 1024K, 43 young (44032K), 6 survivors (6144K)
 Metaspace       used 66670K, committed 69248K, reserved 1114112K
  class space    used 9617K, committed 10880K, reserved 1048576K
}
Event: 12.174 GC heap after
{Heap after GC invocations=21 (full 0):
 garbage-first heap   total 112640K, used 66284K [0x00000000c0000000, 0x0000000100000000)
  region size 1024K, 5 young (5120K), 5 survivors (5120K)
 Metaspace       used 66670K, committed 69248K, reserved 1114112K
  class space    used 9617K, committed 10880K, reserved 1048576K
}
Event: 12.607 GC heap before
{Heap before GC invocations=22 (full 0):
 garbage-first heap   total 116736K, used 98028K [0x00000000c0000000, 0x0000000100000000)
  region size 1024K, 37 young (37888K), 5 survivors (5120K)
 Metaspace       used 68293K, committed 70848K, reserved 1114112K
  class space    used 9780K, committed 11072K, reserved 1048576K
}
Event: 12.613 GC heap after
{Heap after GC invocations=23 (full 0):
 garbage-first heap   total 116736K, used 69285K [0x00000000c0000000, 0x0000000100000000)
  region size 1024K, 4 young (4096K), 4 survivors (4096K)
 Metaspace       used 68293K, committed 70848K, reserved 1114112K
  class space    used 9780K, committed 11072K, reserved 1048576K
}

